<?xml version="1.0" encoding="UTF-8"?>
<testng-results ignored="0" total="4" passed="4" failed="0" skipped="0">
  <reporter-output>
  </reporter-output>
  <suite started-at="2023-07-08T09:14:26 IST" name="Default suite" finished-at="2023-07-08T09:14:32 IST" duration-ms="6215">
    <groups>
    </groups>
    <test started-at="2023-07-08T09:14:26 IST" name="Default test" finished-at="2023-07-08T09:14:32 IST" duration-ms="6215">
      <class name="api.test.User_Test">
        <test-method is-config="true" signature="SetUpData()[pri:0, instance:api.test.User_Test@4803b726]" started-at="2023-07-08T09:14:26 IST" name="SetUpData" finished-at="2023-07-08T09:14:26 IST" duration-ms="11" status="PASS">
          <reporter-output>
          </reporter-output>
        </test-method> <!-- SetUpData -->
        <test-method signature="TestUser()[pri:1, instance:api.test.User_Test@4803b726]" started-at="2023-07-08T09:14:26 IST" name="TestUser" finished-at="2023-07-08T09:14:30 IST" duration-ms="3375" status="PASS">
          <reporter-output>
          </reporter-output>
        </test-method> <!-- TestUser -->
        <test-method signature="Message()[pri:2, instance:api.test.User_Test@4803b726]" started-at="2023-07-08T09:14:30 IST" name="Message" finished-at="2023-07-08T09:14:30 IST" duration-ms="2" status="PASS">
          <reporter-output>
          </reporter-output>
        </test-method> <!-- Message -->
        <test-method signature="get_users()[pri:3, instance:api.test.User_Test@4803b726]" started-at="2023-07-08T09:14:30 IST" name="get_users" finished-at="2023-07-08T09:14:31 IST" duration-ms="1411" status="PASS">
          <reporter-output>
          </reporter-output>
        </test-method> <!-- get_users -->
        <test-method signature="Update()[pri:4, instance:api.test.User_Test@4803b726]" started-at="2023-07-08T09:14:31 IST" name="Update" finished-at="2023-07-08T09:14:32 IST" duration-ms="1361" status="PASS">
          <reporter-output>
          </reporter-output>
        </test-method> <!-- Update -->
      </class> <!-- api.test.User_Test -->
    </test> <!-- Default test -->
  </suite> <!-- Default suite -->
</testng-results>
