<?xml version="1.0" encoding="UTF-8"?>
<!-- Generated by org.testng.reporters.JUnitXMLReporter -->
<testsuite ignored="0" hostname="sub" failures="0" tests="4" name="Default test" time="6.215" errors="0" timestamp="2023-07-08T09:14:33 IST">
  <testcase classname="api.test.User_Test" name="TestUser" time="3.375"/>
  <testcase classname="api.test.User_Test" name="Message" time="0.002"/>
  <testcase classname="api.test.User_Test" name="get_users" time="1.411"/>
  <testcase classname="api.test.User_Test" name="Update" time="1.361"/>
</testsuite> <!-- Default test -->
